  Building 'echo_2' with toolset 'WindowsKernelModeDriver10.0' and the 'Windows Driver' target platform.
  Stamping x64\Debug\echo_2.inf
  Stamping [Version] section with DriverVer=04/04/2025,17.30.49.65
C:\sampleDriver\kmdf\driver\DriverSync\echo_2.inx(21-21): warning 1284: Class "Sample" is reserved for use by Microsoft.
C:\sampleDriver\kmdf\driver\DriverSync\echo_2.inx(39-39): warning 1285: Cannot specify [ClassInstall32] section for Microsoft-defined class.
  device.c
  driver.c
  queue.c
  Generating Code...
  echo_2.vcxproj -> C:\sampleDriver\kmdf\driver\DriverSync\x64\Debug\echo_2.sys
  Done Adding Additional Store
  Successfully signed: C:\sampleDriver\kmdf\driver\DriverSync\x64\Debug\echo_2.sys
  
  Driver is 'Windows Driver'.
  ........................
  Signability test complete.
  
  Errors:
  None
  
  Warnings:
  None
  
  Catalog generation complete.
  C:\sampleDriver\kmdf\driver\DriverSync\x64\Debug\echo_2\kmdfsamples.cat
  Done Adding Additional Store
  Successfully signed: x64\Debug\echo_2\kmdfsamples.cat
  
